{"level":"ERROR","location":"[get_call:164] fyersModel","message":{"API":"/quotes","error":"HTTPSConnectionPool(host='api-t1.fyers.in', port=443): Read timed out. (read timeout=None)"},"timestamp":"2025-08-25 12:12:37,753+0530","service":"FyersAPI"}
{"level":"ERROR","location":"[get_call:164] fyersModel","message":{"API":"/quotes","error":"HTTPSConnectionPool(host='api-t1.fyers.in', port=443): Read timed out. (read timeout=None)"},"timestamp":"2025-08-25 12:23:04,484+0530","service":"FyersAPI"}
{"level":"ERROR","location":"[get_call:164] fyersModel","message":{"API":"/quotes","error":"('Connection aborted.', RemoteDisconnected('Remote end closed connection without response'))"},"timestamp":"2025-08-25 15:13:16,519+0530","service":"FyersAPI"}
{"level":"ERROR","location":"[get_call:164] fyersModel","message":{"API":"/quotes","error":"HTTPSConnectionPool(host='api-t1.fyers.in', port=443): Max retries exceeded with url: /data/quotes?symbols=NSE%3ANIFTY25AUG2824900CE (Caused by ConnectTimeoutError(<urllib3.connection.HTTPSConnection object at 0x0000025A57EE0750>, 'Connection to api-t1.fyers.in timed out. (connect timeout=None)'))"},"timestamp":"2025-08-25 15:13:58,586+0530","service":"FyersAPI"}
{"level":"ERROR","location":"[get_call:164] fyersModel","message":{"API":"/quotes","error":"HTTPSConnectionPool(host='api-t1.fyers.in', port=443): Max retries exceeded with url: /data/quotes?symbols=NSE%3ANIFTY25AUG2824900PE (Caused by ConnectTimeoutError(<urllib3.connection.HTTPSConnection object at 0x0000025A57EE3390>, 'Connection to api-t1.fyers.in timed out. (connect timeout=None)'))"},"timestamp":"2025-08-25 15:14:40,646+0530","service":"FyersAPI"}
{"level":"ERROR","location":"[get_call:164] fyersModel","message":{"API":"/quotes","error":"HTTPSConnectionPool(host='api-t1.fyers.in', port=443): Max retries exceeded with url: /data/quotes?symbols=NSE%3ANIFTY25AUG2824950CE (Caused by ConnectTimeoutError(<urllib3.connection.HTTPSConnection object at 0x0000025A57EF53D0>, 'Connection to api-t1.fyers.in timed out. (connect timeout=None)'))"},"timestamp":"2025-08-25 15:15:22,711+0530","service":"FyersAPI"}
{"level":"ERROR","location":"[get_call:164] fyersModel","message":{"API":"/quotes","error":"HTTPSConnectionPool(host='api-t1.fyers.in', port=443): Max retries exceeded with url: /data/quotes?symbols=NSE%3ANIFTY25AUG2824950PE (Caused by ConnectTimeoutError(<urllib3.connection.HTTPSConnection object at 0x0000025A57EE3990>, 'Connection to api-t1.fyers.in timed out. (connect timeout=None)'))"},"timestamp":"2025-08-25 15:16:04,809+0530","service":"FyersAPI"}
{"level":"ERROR","location":"[get_call:164] fyersModel","message":{"API":"/quotes","error":"HTTPSConnectionPool(host='api-t1.fyers.in', port=443): Max retries exceeded with url: /data/quotes?symbols=NSE%3ANIFTY25AUG2825000CE (Caused by ConnectTimeoutError(<urllib3.connection.HTTPSConnection object at 0x0000025A57EE2550>, 'Connection to api-t1.fyers.in timed out. (connect timeout=None)'))"},"timestamp":"2025-08-25 15:16:46,847+0530","service":"FyersAPI"}
{"level":"ERROR","location":"[get_call:164] fyersModel","message":{"API":"/quotes","error":"('Connection aborted.', ConnectionResetError(10054, 'An existing connection was forcibly closed by the remote host', None, 10054, None))"},"timestamp":"2025-08-25 15:16:52,531+0530","service":"FyersAPI"}
{"level":"ERROR","location":"[get_call:146] fyersModel","message":{"API":"/quotes","Error":{"message":"Please provide valid token","code":-15,"s":"error"}},"timestamp":"2025-08-26 11:19:08,903+0530","service":"FyersAPI"}
{"level":"ERROR","location":"[get_call:146] fyersModel","message":{"API":"/quotes","Error":{"message":"Please provide valid token","code":-15,"s":"error"}},"timestamp":"2025-08-26 11:19:19,381+0530","service":"FyersAPI"}
{"level":"ERROR","location":"[get_call:146] fyersModel","message":{"API":"/quotes","Error":{"message":"Please provide valid token","code":-15,"s":"error"}},"timestamp":"2025-08-26 11:19:29,867+0530","service":"FyersAPI"}
{"level":"ERROR","location":"[get_call:146] fyersModel","message":{"API":"/quotes","Error":{"message":"Please provide valid token","code":-15,"s":"error"}},"timestamp":"2025-08-26 11:19:39,219+0530","service":"FyersAPI"}
{"level":"ERROR","location":"[get_call:146] fyersModel","message":{"API":"/quotes","Error":{"message":"Please provide valid token","code":-15,"s":"error"}},"timestamp":"2025-08-26 11:19:40,398+0530","service":"FyersAPI"}
{"level":"ERROR","location":"[get_call:146] fyersModel","message":{"API":"/quotes","Error":{"message":"Please provide valid token","code":-15,"s":"error"}},"timestamp":"2025-08-26 11:19:49,694+0530","service":"FyersAPI"}
{"level":"ERROR","location":"[get_call:146] fyersModel","message":{"API":"/quotes","Error":{"message":"Please provide valid token","code":-15,"s":"error"}},"timestamp":"2025-08-26 11:19:50,850+0530","service":"FyersAPI"}
{"level":"ERROR","location":"[get_call:146] fyersModel","message":{"API":"/quotes","Error":{"message":"Please provide valid token","code":-15,"s":"error"}},"timestamp":"2025-08-26 11:20:00,185+0530","service":"FyersAPI"}
{"level":"ERROR","location":"[get_call:146] fyersModel","message":{"API":"/quotes","Error":{"message":"Please provide valid token","code":-15,"s":"error"}},"timestamp":"2025-08-26 11:20:01,349+0530","service":"FyersAPI"}
{"level":"ERROR","location":"[get_call:146] fyersModel","message":{"API":"/quotes","Error":{"message":"Please provide valid token","code":-15,"s":"error"}},"timestamp":"2025-08-26 11:20:10,709+0530","service":"FyersAPI"}
{"level":"ERROR","location":"[get_call:146] fyersModel","message":{"API":"/quotes","Error":{"message":"Please provide valid token","code":-15,"s":"error"}},"timestamp":"2025-08-26 11:20:11,982+0530","service":"FyersAPI"}
{"level":"ERROR","location":"[get_call:146] fyersModel","message":{"API":"/quotes","Error":{"message":"Please provide valid token","code":-15,"s":"error"}},"timestamp":"2025-08-26 11:20:21,390+0530","service":"FyersAPI"}
{"level":"ERROR","location":"[get_call:164] fyersModel","message":{"API":"/quotes","error":"Expecting value: line 1 column 1 (char 0)"},"timestamp":"2025-08-26 11:20:23,239+0530","service":"FyersAPI"}
{"level":"ERROR","location":"[get_call:164] fyersModel","message":{"API":"/quotes","error":"Expecting value: line 1 column 1 (char 0)"},"timestamp":"2025-08-26 11:20:32,948+0530","service":"FyersAPI"}
{"level":"ERROR","location":"[get_call:164] fyersModel","message":{"API":"/quotes","error":"Expecting value: line 1 column 1 (char 0)"},"timestamp":"2025-08-26 11:20:35,009+0530","service":"FyersAPI"}
{"level":"ERROR","location":"[get_call:164] fyersModel","message":{"API":"/quotes","error":"Expecting value: line 1 column 1 (char 0)"},"timestamp":"2025-08-26 11:20:43,446+0530","service":"FyersAPI"}
{"level":"ERROR","location":"[get_call:164] fyersModel","message":{"API":"/quotes","error":"Expecting value: line 1 column 1 (char 0)"},"timestamp":"2025-08-26 11:20:45,451+0530","service":"FyersAPI"}
{"level":"ERROR","location":"[get_call:164] fyersModel","message":{"API":"/quotes","error":"Expecting value: line 1 column 1 (char 0)"},"timestamp":"2025-08-26 11:20:57,815+0530","service":"FyersAPI"}
{"level":"ERROR","location":"[get_call:164] fyersModel","message":{"API":"/quotes","error":"Expecting value: line 1 column 1 (char 0)"},"timestamp":"2025-08-26 11:21:07,953+0530","service":"FyersAPI"}
{"level":"ERROR","location":"[get_call:164] fyersModel","message":{"API":"/quotes","error":"Expecting value: line 1 column 1 (char 0)"},"timestamp":"2025-08-26 11:21:08,390+0530","service":"FyersAPI"}
{"level":"ERROR","location":"[get_call:164] fyersModel","message":{"API":"/quotes","error":"Expecting value: line 1 column 1 (char 0)"},"timestamp":"2025-08-26 11:21:18,446+0530","service":"FyersAPI"}
{"level":"ERROR","location":"[get_call:164] fyersModel","message":{"API":"/quotes","error":"Expecting value: line 1 column 1 (char 0)"},"timestamp":"2025-08-26 11:21:18,865+0530","service":"FyersAPI"}
{"level":"ERROR","location":"[get_call:164] fyersModel","message":{"API":"/quotes","error":"Expecting value: line 1 column 1 (char 0)"},"timestamp":"2025-08-26 11:21:29,082+0530","service":"FyersAPI"}
{"level":"ERROR","location":"[get_call:164] fyersModel","message":{"API":"/quotes","error":"Expecting value: line 1 column 1 (char 0)"},"timestamp":"2025-08-26 11:21:29,481+0530","service":"FyersAPI"}
{"level":"ERROR","location":"[get_call:164] fyersModel","message":{"API":"/quotes","error":"Expecting value: line 1 column 1 (char 0)"},"timestamp":"2025-08-26 11:21:40,738+0530","service":"FyersAPI"}
{"level":"ERROR","location":"[get_call:164] fyersModel","message":{"API":"/quotes","error":"Expecting value: line 1 column 1 (char 0)"},"timestamp":"2025-08-26 11:21:40,739+0530","service":"FyersAPI"}
{"level":"ERROR","location":"[get_call:164] fyersModel","message":{"API":"/quotes","error":"Expecting value: line 1 column 1 (char 0)"},"timestamp":"2025-08-26 11:21:51,385+0530","service":"FyersAPI"}
{"level":"ERROR","location":"[get_call:164] fyersModel","message":{"API":"/quotes","error":"Expecting value: line 1 column 1 (char 0)"},"timestamp":"2025-08-26 11:21:51,385+0530","service":"FyersAPI"}
